<?xml version="1.0" encoding="UTF-8"?>
<!-- Generated by org.testng.reporters.JUnitXMLReporter -->
<testsuite ignored="0" hostname="Annam_Deepak" failures="3" tests="14" name="ChromeTest" time="150.832" errors="0" timestamp="2024-10-24T16:22:18 IST">
  <testcase classname="com.scart.testcases.TC01_LoginAndLogOutTest" name="loginAndLogOutTest" time="5.37"/>
  <testcase classname="com.scart.testcases.TC01_LoginAndLogOutTest" name="loginAndLogOutTest" time="10.257">
    <failure type="java.lang.AssertionError" message="Invalid Credentials expected [true] but found [false]">
      <![CDATA[java.lang.AssertionError: Invalid Credentials expected [true] but found [false]
at com.scart.testcases.TC01_LoginAndLogOutTest.loginAndLogOutTest(TC01_LoginAndLogOutTest.java:43)
at java.base/java.util.ArrayList.forEach(ArrayList.java:1597)
at java.base/java.util.concurrent.FutureTask.run(FutureTask.java:317)
at java.base/java.util.concurrent.ThreadPoolExecutor.runWorker(ThreadPoolExecutor.java:1144)
at java.base/java.util.concurrent.ThreadPoolExecutor$Worker.run(ThreadPoolExecutor.java:642)
at java.base/java.lang.Thread.run(Thread.java:1570)
... Removed 18 stack frames]]>
    </failure>
  </testcase> <!-- loginAndLogOutTest -->
  <testcase classname="com.scart.testcases.TC01_LoginAndLogOutTest" name="loginAndLogOutTest" time="9.82">
    <failure type="java.lang.AssertionError" message="Invalid Credentials expected [true] but found [false]">
      <![CDATA[java.lang.AssertionError: Invalid Credentials expected [true] but found [false]
at com.scart.testcases.TC01_LoginAndLogOutTest.loginAndLogOutTest(TC01_LoginAndLogOutTest.java:43)
at java.base/java.util.ArrayList.forEach(ArrayList.java:1597)
at java.base/java.util.concurrent.FutureTask.run(FutureTask.java:317)
at java.base/java.util.concurrent.ThreadPoolExecutor.runWorker(ThreadPoolExecutor.java:1144)
at java.base/java.util.concurrent.ThreadPoolExecutor$Worker.run(ThreadPoolExecutor.java:642)
at java.base/java.lang.Thread.run(Thread.java:1570)
... Removed 18 stack frames]]>
    </failure>
  </testcase> <!-- loginAndLogOutTest -->
  <testcase classname="com.scart.testcases.TC02_ThemeTest" name="verifyLogin" time="2.538"/>
  <testcase classname="com.scart.testcases.TC03_VerifyLinksInMenuSectionTest" name="verifyLogin" time="4.166"/>
  <testcase classname="com.scart.testcases.TC04_FetchOrdersBasedOnGivenEmailTest" name="verifyLogin" time="5.89"/>
  <testcase classname="com.scart.testcases.TC02_ThemeTest" name="menuButtonTest" time="3.845"/>
  <testcase classname="com.scart.testcases.TC02_ThemeTest" name="selectThemeOption" time="5.121"/>
  <testcase classname="com.scart.testcases.TC02_ThemeTest" name="verifyGridItemDimensionsConsistency" time="7.889"/>
  <testcase classname="com.scart.testcases.TC03_VerifyLinksInMenuSectionTest" name="checkBrokenLinks" time="17.236"/>
  <testcase classname="com.scart.testcases.TC03_VerifyLinksInMenuSectionTest" name="verifySelectAllCheckboxFunctionality" time="5.036">
    <failure type="java.util.ConcurrentModificationException">
      <![CDATA[java.util.ConcurrentModificationException
at java.base/java.util.HashMap.computeIfAbsent(HashMap.java:1229)
at com.scart.utilities.MyListener.recordTestResult(MyListener.java:194)
at com.scart.utilities.MyListener.onTestSuccess(MyListener.java:92)
at java.base/java.util.ArrayList.forEach(ArrayList.java:1597)
at java.base/java.util.concurrent.FutureTask.run(FutureTask.java:317)
at java.base/java.util.concurrent.ThreadPoolExecutor.runWorker(ThreadPoolExecutor.java:1144)
at java.base/java.util.concurrent.ThreadPoolExecutor$Worker.run(ThreadPoolExecutor.java:642)
at java.base/java.lang.Thread.run(Thread.java:1570)
... Removed 14 stack frames]]>
    </failure>
  </testcase> <!-- verifySelectAllCheckboxFunctionality -->
  <testcase classname="com.scart.testcases.TC04_FetchOrdersBasedOnGivenEmailTest" name="filterOrdersListBasedOnEnteredEmail" time="6.937"/>
  <testcase classname="com.scart.testcases.TC04_FetchOrdersBasedOnGivenEmailTest" name="getOrdersTableDataAndWriteIntoExcel" time="33.146"/>
  <testcase classname="com.scart.testcases.TC04_FetchOrdersBasedOnGivenEmailTest" name="sortOrdersListBasedonAscendingOrderOfDate" time="5.754"/>
</testsuite> <!-- ChromeTest -->
