<?xml version="1.0" encoding="UTF-8"?>
<!-- Generated by org.testng.reporters.JUnitXMLReporter -->
<testsuite ignored="0" hostname="Annam_Deepak" failures="2" tests="14" name="EdgeTest" time="156.458" errors="0" timestamp="2024-10-24T16:22:23 IST">
  <testcase classname="com.scart.testcases.TC01_LoginAndLogOutTest" name="loginAndLogOutTest" time="5.336"/>
  <testcase classname="com.scart.testcases.TC01_LoginAndLogOutTest" name="loginAndLogOutTest" time="10.308">
    <failure type="java.lang.AssertionError" message="Invalid Credentials expected [true] but found [false]">
      <![CDATA[java.lang.AssertionError: Invalid Credentials expected [true] but found [false]
at com.scart.testcases.TC01_LoginAndLogOutTest.loginAndLogOutTest(TC01_LoginAndLogOutTest.java:43)
at java.base/java.util.ArrayList.forEach(ArrayList.java:1597)
at java.base/java.util.concurrent.FutureTask.run(FutureTask.java:317)
at java.base/java.util.concurrent.ThreadPoolExecutor.runWorker(ThreadPoolExecutor.java:1144)
at java.base/java.util.concurrent.ThreadPoolExecutor$Worker.run(ThreadPoolExecutor.java:642)
at java.base/java.lang.Thread.run(Thread.java:1570)
... Removed 18 stack frames]]>
    </failure>
  </testcase> <!-- loginAndLogOutTest -->
  <testcase classname="com.scart.testcases.TC01_LoginAndLogOutTest" name="loginAndLogOutTest" time="9.813">
    <failure type="java.lang.AssertionError" message="Invalid Credentials expected [true] but found [false]">
      <![CDATA[java.lang.AssertionError: Invalid Credentials expected [true] but found [false]
at com.scart.testcases.TC01_LoginAndLogOutTest.loginAndLogOutTest(TC01_LoginAndLogOutTest.java:43)
at java.base/java.util.ArrayList.forEach(ArrayList.java:1597)
at java.base/java.util.concurrent.FutureTask.run(FutureTask.java:317)
at java.base/java.util.concurrent.ThreadPoolExecutor.runWorker(ThreadPoolExecutor.java:1144)
at java.base/java.util.concurrent.ThreadPoolExecutor$Worker.run(ThreadPoolExecutor.java:642)
at java.base/java.lang.Thread.run(Thread.java:1570)
... Removed 18 stack frames]]>
    </failure>
  </testcase> <!-- loginAndLogOutTest -->
  <testcase classname="com.scart.testcases.TC02_ThemeTest" name="verifyLogin" time="3.572"/>
  <testcase classname="com.scart.testcases.TC03_VerifyLinksInMenuSectionTest" name="verifyLogin" time="3.958"/>
  <testcase classname="com.scart.testcases.TC04_FetchOrdersBasedOnGivenEmailTest" name="verifyLogin" time="3.724"/>
  <testcase classname="com.scart.testcases.TC02_ThemeTest" name="menuButtonTest" time="3.398"/>
  <testcase classname="com.scart.testcases.TC02_ThemeTest" name="selectThemeOption" time="4.034"/>
  <testcase classname="com.scart.testcases.TC02_ThemeTest" name="verifyGridItemDimensionsConsistency" time="2.657"/>
  <testcase classname="com.scart.testcases.TC03_VerifyLinksInMenuSectionTest" name="checkBrokenLinks" time="15.463"/>
  <testcase classname="com.scart.testcases.TC03_VerifyLinksInMenuSectionTest" name="verifySelectAllCheckboxFunctionality" time="5.035"/>
  <testcase classname="com.scart.testcases.TC04_FetchOrdersBasedOnGivenEmailTest" name="filterOrdersListBasedOnEnteredEmail" time="10.734"/>
  <testcase classname="com.scart.testcases.TC04_FetchOrdersBasedOnGivenEmailTest" name="getOrdersTableDataAndWriteIntoExcel" time="33.542"/>
  <testcase classname="com.scart.testcases.TC04_FetchOrdersBasedOnGivenEmailTest" name="sortOrdersListBasedonAscendingOrderOfDate" time="5.489"/>
</testsuite> <!-- EdgeTest -->
