<!DOCTYPE html PUBLIC "-//W3C//DTD XHTML 1.1//EN" "https://www.w3.org/TR/xhtml11/DTD/xhtml11.dtd">
<html xmlns="https://www.w3.org/1999/xhtml">
<head>
<meta http-equiv="content-type" content="text/html; charset=UTF-8"/>
<title>TestNG Report</title>
<style type="text/css">table {margin-bottom:10px;border-collapse:collapse;empty-cells:show}th,td {border:1px solid #009;padding:.25em .5em}th {vertical-align:bottom}td {vertical-align:top}table a {font-weight:bold}.stripe td {background-color: #E6EBF9}.num {text-align:right}.passedodd td {background-color: #3F3}.passedeven td {background-color: #0A0}.skippedodd td {background-color: #DDD}.skippedeven td {background-color: #CCC}.failedodd td,.attn {background-color: #F33}.failedeven td,.stripe .attn {background-color: #D00}.stacktrace {white-space:pre;font-family:monospace}.totop {font-size:85%;text-align:center;border-bottom:2px solid #000}.invisible {display:none}</style>
</head>
<body>
<table>
<tr><th>Test</th><th># Passed</th><th># Skipped</th><th># Retried</th><th># Failed</th><th>Time (ms)</th><th>Included Groups</th><th>Excluded Groups</th></tr>
<tr><th colspan="8">Surefire suite</th></tr>
<tr><td><a href="#t0">Surefire test</a></td><td class="num">0</td><td class="num attn">6</td><td class="num">0</td><td class="num">0</td><td class="num">2,477</td><td></td><td></td></tr>
</table>
<table id='summary'><thead><tr><th>Class</th><th>Method</th><th>Start</th><th>Time (ms)</th></tr></thead><tbody><tr><th colspan="4">Surefire suite</th></tr></tbody><tbody id="t0"><tr><th colspan="4">Surefire test &#8212; failed (configuration methods)</th></tr><tr class="failedeven"><td rowspan="1">com.scart.testcases.TC01_LoginTest</td><td><a href="#m0">setUp</a></td><td rowspan="1">1728384396361</td><td rowspan="1">-1728384396361</td></tr><tr class="failedodd"><td rowspan="1">com.scart.testcases.TC02_ThemeTest</td><td><a href="#m1">setUp</a></td><td rowspan="1">1728384398733</td><td rowspan="1">-1728384398733</td></tr><tr><th colspan="4">Surefire test &#8212; skipped (configuration methods)</th></tr><tr class="skippedeven"><td rowspan="1">com.scart.testcases.TC01_LoginTest</td><td><a href="#m2">tearDown</a></td><td rowspan="1">1728384398725</td><td rowspan="1">0</td></tr><tr class="skippedodd"><td rowspan="1">com.scart.testcases.TC02_ThemeTest</td><td><a href="#m3">tearDown</a></td><td rowspan="1">1728384398755</td><td rowspan="1">0</td></tr><tr><th colspan="4">Surefire test &#8212; skipped</th></tr><tr class="skippedeven"><td rowspan="3">com.scart.testcases.TC01_LoginTest</td><td><a href="#m4">loginTest</a></td><td rowspan="3">1728384398709</td><td rowspan="3">0</td></tr><tr class="skippedeven"><td><a href="#m5">loginTest</a></td></tr><tr class="skippedeven"><td><a href="#m6">loginTest</a></td></tr><tr class="skippedodd"><td rowspan="3">com.scart.testcases.TC02_ThemeTest</td><td><a href="#m7">checkTheme</a></td><td rowspan="1">1728384398748</td><td rowspan="1">1</td></tr><tr class="skippedodd"><td><a href="#m8">selectThemeOption</a></td><td rowspan="1">1728384398753</td><td rowspan="1">0</td></tr><tr class="skippedodd"><td><a href="#m9">verifyLogin</a></td><td rowspan="1">1728384398738</td><td rowspan="1">0</td></tr></tbody>
</table>
<h2>Surefire test</h2><h3 id="m0">com.scart.testcases.TC01_LoginTest#setUp</h3><table class="result"><tr><th>Exception</th></tr><tr><td><div class="stacktrace">org.testng.TestNGException: 
Parameter &apos;browser&apos; is required by BeforeClass on method setUp but has not been marked @Optional or defined

	at java.base/java.util.ArrayList.forEach(ArrayList.java:1597)
... Removed 27 stack frames</div></td></tr></table><p class="totop"><a href="#summary">back to summary</a></p>
<h3 id="m1">com.scart.testcases.TC02_ThemeTest#setUp</h3><table class="result"><tr><th>Exception</th></tr><tr><td><div class="stacktrace">org.testng.TestNGException: 
Parameter &apos;browser&apos; is required by BeforeClass on method setUp but has not been marked @Optional or defined

	at java.base/java.util.ArrayList.forEach(ArrayList.java:1597)
... Removed 27 stack frames</div></td></tr></table><p class="totop"><a href="#summary">back to summary</a></p>
<h3 id="m2">com.scart.testcases.TC01_LoginTest#tearDown</h3><table class="result"><tr><th class="invisible"/></tr></table><p class="totop"><a href="#summary">back to summary</a></p>
<h3 id="m3">com.scart.testcases.TC02_ThemeTest#tearDown</h3><table class="result"><tr><th class="invisible"/></tr></table><p class="totop"><a href="#summary">back to summary</a></p>
<h3 id="m4">com.scart.testcases.TC01_LoginTest#loginTest</h3><table class="result"><tr class="param"><th>Parameter #1</th><th>Parameter #2</th></tr><tr class="param stripe"><td>test</td><td>123456</td></tr><tr><th colspan="2">Exception</th></tr><tr><td colspan="2"><div class="stacktrace">org.testng.TestNGException: 
Parameter &apos;browser&apos; is required by BeforeClass on method setUp but has not been marked @Optional or defined

	at java.base/java.util.ArrayList.forEach(ArrayList.java:1597)
... Removed 27 stack frames</div></td></tr></table><p class="totop"><a href="#summary">back to summary</a></p>
<h3 id="m5">com.scart.testcases.TC01_LoginTest#loginTest</h3><table class="result"><tr class="param"><th>Parameter #1</th><th>Parameter #2</th></tr><tr class="param stripe"><td>test</td><td>1234</td></tr><tr><th colspan="2">Exception</th></tr><tr><td colspan="2"><div class="stacktrace">org.testng.TestNGException: 
Parameter &apos;browser&apos; is required by BeforeClass on method setUp but has not been marked @Optional or defined

	at java.base/java.util.ArrayList.forEach(ArrayList.java:1597)
... Removed 27 stack frames</div></td></tr></table><p class="totop"><a href="#summary">back to summary</a></p>
<h3 id="m6">com.scart.testcases.TC01_LoginTest#loginTest</h3><table class="result"><tr class="param"><th>Parameter #1</th><th>Parameter #2</th></tr><tr class="param stripe"><td>tester</td><td>123456</td></tr><tr><th colspan="2">Exception</th></tr><tr><td colspan="2"><div class="stacktrace">org.testng.TestNGException: 
Parameter &apos;browser&apos; is required by BeforeClass on method setUp but has not been marked @Optional or defined

	at java.base/java.util.ArrayList.forEach(ArrayList.java:1597)
... Removed 27 stack frames</div></td></tr></table><p class="totop"><a href="#summary">back to summary</a></p>
<h3 id="m7">com.scart.testcases.TC02_ThemeTest#checkTheme</h3><table class="result"><tr><th>Exception</th></tr><tr><td><div class="stacktrace">java.lang.Throwable: Method com.scart.testcases.TC02_ThemeTest.checkTheme() on instance com.scart.testcases.TC02_ThemeTest@1ae67cad depends on not successfully finished methods 
[com.scart.testcases.TC02_ThemeTest.verifyLogin() on instance com.scart.testcases.TC02_ThemeTest@1ae67cad]
	at java.base/java.util.ArrayList.forEach(ArrayList.java:1597)
... Removed 23 stack frames</div></td></tr></table><p class="totop"><a href="#summary">back to summary</a></p>
<h3 id="m8">com.scart.testcases.TC02_ThemeTest#selectThemeOption</h3><table class="result"><tr><th>Exception</th></tr><tr><td><div class="stacktrace">java.lang.Throwable: Method com.scart.testcases.TC02_ThemeTest.selectThemeOption() on instance com.scart.testcases.TC02_ThemeTest@1ae67cad depends on not successfully finished methods 
[com.scart.testcases.TC02_ThemeTest.checkTheme() on instance com.scart.testcases.TC02_ThemeTest@1ae67cad]
	at java.base/java.util.ArrayList.forEach(ArrayList.java:1597)
... Removed 23 stack frames</div></td></tr></table><p class="totop"><a href="#summary">back to summary</a></p>
<h3 id="m9">com.scart.testcases.TC02_ThemeTest#verifyLogin</h3><table class="result"><tr><th>Exception</th></tr><tr><td><div class="stacktrace">org.testng.TestNGException: 
Parameter &apos;browser&apos; is required by BeforeClass on method setUp but has not been marked @Optional or defined

	at java.base/java.util.ArrayList.forEach(ArrayList.java:1597)
... Removed 27 stack frames</div></td></tr></table><p class="totop"><a href="#summary">back to summary</a></p>
</body>
</html>
